app/build/intermediates/manifest_merge_blame_file/debug/manifest-merger-blame-debug-report.txt
1<?xml version="1.0" encoding="utf-8"?>
2<manifest xmlns:android="http://schemas.android.com/apk/res/android"
3    package="com.lahsuak.sangeetmusicplayer"
4    android:versionCode="1"
5    android:versionName="1.0" >
6
7    <uses-sdk
8        android:minSdkVersion="23"
8-->src\main\AndroidManifest.xml
9        android:targetSdkVersion="33" />
9-->src\main\AndroidManifest.xml
10
11    <uses-permission
11-->src\main\AndroidManifest.xml:6:5-8:38
12        android:name="android.permission.READ_EXTERNAL_STORAGE"
12-->src\main\AndroidManifest.xml:7:9-64
13        android:maxSdkVersion="32" />
13-->src\main\AndroidManifest.xml:8:9-35
14    <uses-permission android:name="android.permission.WRITE_EXTERNAL_STORAGE" />
14-->src\main\AndroidManifest.xml:9:5-11:40
14-->src\main\AndroidManifest.xml:10:9-65
15    <uses-permission android:name="android.permission.WAKE_LOCK" />
15-->src\main\AndroidManifest.xml:12:5-68
15-->src\main\AndroidManifest.xml:12:22-65
16    <uses-permission android:name="android.permission.FOREGROUND_SERVICE" />
16-->src\main\AndroidManifest.xml:13:5-77
16-->src\main\AndroidManifest.xml:13:22-74
17    <uses-permission android:name="android.permission.READ_MEDIA_AUDIO" />
17-->src\main\AndroidManifest.xml:14:5-75
17-->src\main\AndroidManifest.xml:14:22-72
18    <uses-permission android:name="android.permission.POST_NOTIFICATIONS" />
18-->src\main\AndroidManifest.xml:15:5-77
18-->src\main\AndroidManifest.xml:15:22-74
19
20    <permission
20-->[androidx.core:core:1.10.1] AndroidManifest.xml:22:5-24:47
21        android:name="com.lahsuak.sangeetmusicplayer.DYNAMIC_RECEIVER_NOT_EXPORTED_PERMISSION"
21-->[androidx.core:core:1.10.1] AndroidManifest.xml:23:9-81
22        android:protectionLevel="signature" />
22-->[androidx.core:core:1.10.1] AndroidManifest.xml:24:9-44
23
24    <uses-permission android:name="com.lahsuak.sangeetmusicplayer.DYNAMIC_RECEIVER_NOT_EXPORTED_PERMISSION" />
24-->[androidx.core:core:1.10.1] AndroidManifest.xml:26:5-97
24-->[androidx.core:core:1.10.1] AndroidManifest.xml:26:22-94
25
26    <application
26-->src\main\AndroidManifest.xml:17:5-66:19
27        android:name="com.lahsuak.sangeetmusicplayer.util.MusicApp"
27-->src\main\AndroidManifest.xml:18:9-38
28        android:allowBackup="true"
28-->src\main\AndroidManifest.xml:19:9-35
29        android:appComponentFactory="androidx.core.app.CoreComponentFactory"
29-->[androidx.core:core:1.10.1] AndroidManifest.xml:28:18-86
30        android:debuggable="true"
31        android:extractNativeLibs="false"
32        android:icon="@mipmap/ic_launcher2"
32-->src\main\AndroidManifest.xml:20:9-44
33        android:label="@string/app_name"
33-->src\main\AndroidManifest.xml:21:9-41
34        android:requestLegacyExternalStorage="true"
34-->src\main\AndroidManifest.xml:22:9-52
35        android:roundIcon="@mipmap/ic_launcher2_round"
35-->src\main\AndroidManifest.xml:23:9-55
36        android:supportsRtl="true"
36-->src\main\AndroidManifest.xml:24:9-35
37        android:testOnly="true"
38        android:theme="@style/SplashScreen" >
38-->src\main\AndroidManifest.xml:25:9-44
39        <activity
39-->src\main\AndroidManifest.xml:27:9-37:20
40            android:name="com.lahsuak.sangeetmusicplayer.ui.activity.HomeActivity"
40-->src\main\AndroidManifest.xml:28:13-53
41            android:exported="true"
41-->src\main\AndroidManifest.xml:29:13-36
42            android:screenOrientation="portrait"
42-->src\main\AndroidManifest.xml:30:13-49
43            android:windowSoftInputMode="adjustResize" >
43-->src\main\AndroidManifest.xml:31:13-55
44            <intent-filter>
44-->src\main\AndroidManifest.xml:33:13-36:29
45                <action android:name="android.intent.action.MAIN" />
45-->src\main\AndroidManifest.xml:34:17-69
45-->src\main\AndroidManifest.xml:34:25-66
46
47                <category android:name="android.intent.category.LAUNCHER" />
47-->src\main\AndroidManifest.xml:35:17-77
47-->src\main\AndroidManifest.xml:35:27-74
48            </intent-filter>
49        </activity>
50
51        <receiver
51-->src\main\AndroidManifest.xml:39:9-51:20
52            android:name="com.lahsuak.sangeetmusicplayer.util.receiver.MusicNotificationReceiver"
52-->src\main\AndroidManifest.xml:40:13-68
53            android:enabled="true"
53-->src\main\AndroidManifest.xml:41:13-35
54            android:exported="true" >
54-->src\main\AndroidManifest.xml:42:13-36
55            <intent-filter>
55-->src\main\AndroidManifest.xml:44:13-50:29
56                <action android:name="PLAY" />
56-->src\main\AndroidManifest.xml:45:17-47
56-->src\main\AndroidManifest.xml:45:25-44
57                <action android:name="PREV" />
57-->src\main\AndroidManifest.xml:46:17-47
57-->src\main\AndroidManifest.xml:46:25-44
58                <action android:name="NEXT" />
58-->src\main\AndroidManifest.xml:47:17-47
58-->src\main\AndroidManifest.xml:47:25-44
59                <action android:name="FAVORITE" />
59-->src\main\AndroidManifest.xml:48:17-51
59-->src\main\AndroidManifest.xml:48:25-48
60                <action android:name="SHUFFLE_OR_REPEAT" />
60-->src\main\AndroidManifest.xml:49:17-60
60-->src\main\AndroidManifest.xml:49:25-57
61            </intent-filter>
62        </receiver>
63
64        <service
64-->src\main\AndroidManifest.xml:53:9-55:38
65            android:name="com.lahsuak.sangeetmusicplayer.util.service.MusicService"
65-->src\main\AndroidManifest.xml:54:13-54
66            android:enabled="true" />
66-->src\main\AndroidManifest.xml:55:13-35
67
68        <provider
68-->src\main\AndroidManifest.xml:57:9-65:20
69            android:name="androidx.core.content.FileProvider"
69-->src\main\AndroidManifest.xml:58:13-62
70            android:authorities="lahsuak.sangeetmusicplayer.fileprovider"
70-->src\main\AndroidManifest.xml:59:13-74
71            android:exported="false"
71-->src\main\AndroidManifest.xml:60:13-37
72            android:grantUriPermissions="true" >
72-->src\main\AndroidManifest.xml:61:13-47
73            <meta-data
73-->src\main\AndroidManifest.xml:62:13-64:53
74                android:name="android.support.FILE_PROVIDER_PATHS"
74-->src\main\AndroidManifest.xml:63:17-67
75                android:resource="@xml/file_path" />
75-->src\main\AndroidManifest.xml:64:17-50
76        </provider>
77
78        <activity
78-->[com.karumi:dexter:6.2.3] AndroidManifest.xml:27:9-29:72
79            android:name="com.karumi.dexter.DexterActivity"
79-->[com.karumi:dexter:6.2.3] AndroidManifest.xml:28:13-60
80            android:theme="@style/Dexter.Internal.Theme.Transparent" />
80-->[com.karumi:dexter:6.2.3] AndroidManifest.xml:29:13-69
81
82        <provider
82-->[androidx.emoji2:emoji2:1.2.0] AndroidManifest.xml:24:9-32:20
83            android:name="androidx.startup.InitializationProvider"
83-->[androidx.emoji2:emoji2:1.2.0] AndroidManifest.xml:25:13-67
84            android:authorities="com.lahsuak.sangeetmusicplayer.androidx-startup"
84-->[androidx.emoji2:emoji2:1.2.0] AndroidManifest.xml:26:13-68
85            android:exported="false" >
85-->[androidx.emoji2:emoji2:1.2.0] AndroidManifest.xml:27:13-37
86            <meta-data
86-->[androidx.emoji2:emoji2:1.2.0] AndroidManifest.xml:29:13-31:52
87                android:name="androidx.emoji2.text.EmojiCompatInitializer"
87-->[androidx.emoji2:emoji2:1.2.0] AndroidManifest.xml:30:17-75
88                android:value="androidx.startup" />
88-->[androidx.emoji2:emoji2:1.2.0] AndroidManifest.xml:31:17-49
89            <meta-data
89-->[androidx.lifecycle:lifecycle-process:2.6.1] AndroidManifest.xml:29:13-31:52
90                android:name="androidx.lifecycle.ProcessLifecycleInitializer"
90-->[androidx.lifecycle:lifecycle-process:2.6.1] AndroidManifest.xml:30:17-78
91                android:value="androidx.startup" />
91-->[androidx.lifecycle:lifecycle-process:2.6.1] AndroidManifest.xml:31:17-49
92            <meta-data
92-->[androidx.profileinstaller:profileinstaller:1.3.0] AndroidManifest.xml:29:13-31:52
93                android:name="androidx.profileinstaller.ProfileInstallerInitializer"
93-->[androidx.profileinstaller:profileinstaller:1.3.0] AndroidManifest.xml:30:17-85
94                android:value="androidx.startup" />
94-->[androidx.profileinstaller:profileinstaller:1.3.0] AndroidManifest.xml:31:17-49
95        </provider>
96
97        <uses-library
97-->[androidx.window:window:1.0.0] AndroidManifest.xml:25:9-27:40
98            android:name="androidx.window.extensions"
98-->[androidx.window:window:1.0.0] AndroidManifest.xml:26:13-54
99            android:required="false" />
99-->[androidx.window:window:1.0.0] AndroidManifest.xml:27:13-37
100        <uses-library
100-->[androidx.window:window:1.0.0] AndroidManifest.xml:28:9-30:40
101            android:name="androidx.window.sidecar"
101-->[androidx.window:window:1.0.0] AndroidManifest.xml:29:13-51
102            android:required="false" />
102-->[androidx.window:window:1.0.0] AndroidManifest.xml:30:13-37
103
104        <receiver
104-->[androidx.profileinstaller:profileinstaller:1.3.0] AndroidManifest.xml:34:9-52:20
105            android:name="androidx.profileinstaller.ProfileInstallReceiver"
105-->[androidx.profileinstaller:profileinstaller:1.3.0] AndroidManifest.xml:35:13-76
106            android:directBootAware="false"
106-->[androidx.profileinstaller:profileinstaller:1.3.0] AndroidManifest.xml:36:13-44
107            android:enabled="true"
107-->[androidx.profileinstaller:profileinstaller:1.3.0] AndroidManifest.xml:37:13-35
108            android:exported="true"
108-->[androidx.profileinstaller:profileinstaller:1.3.0] AndroidManifest.xml:38:13-36
109            android:permission="android.permission.DUMP" >
109-->[androidx.profileinstaller:profileinstaller:1.3.0] AndroidManifest.xml:39:13-57
110            <intent-filter>
110-->[androidx.profileinstaller:profileinstaller:1.3.0] AndroidManifest.xml:40:13-42:29
111                <action android:name="androidx.profileinstaller.action.INSTALL_PROFILE" />
111-->[androidx.profileinstaller:profileinstaller:1.3.0] AndroidManifest.xml:41:17-91
111-->[androidx.profileinstaller:profileinstaller:1.3.0] AndroidManifest.xml:41:25-88
112            </intent-filter>
113            <intent-filter>
113-->[androidx.profileinstaller:profileinstaller:1.3.0] AndroidManifest.xml:43:13-45:29
114                <action android:name="androidx.profileinstaller.action.SKIP_FILE" />
114-->[androidx.profileinstaller:profileinstaller:1.3.0] AndroidManifest.xml:44:17-85
114-->[androidx.profileinstaller:profileinstaller:1.3.0] AndroidManifest.xml:44:25-82
115            </intent-filter>
116            <intent-filter>
116-->[androidx.profileinstaller:profileinstaller:1.3.0] AndroidManifest.xml:46:13-48:29
117                <action android:name="androidx.profileinstaller.action.SAVE_PROFILE" />
117-->[androidx.profileinstaller:profileinstaller:1.3.0] AndroidManifest.xml:47:17-88
117-->[androidx.profileinstaller:profileinstaller:1.3.0] AndroidManifest.xml:47:25-85
118            </intent-filter>
119            <intent-filter>
119-->[androidx.profileinstaller:profileinstaller:1.3.0] AndroidManifest.xml:49:13-51:29
120                <action android:name="androidx.profileinstaller.action.BENCHMARK_OPERATION" />
120-->[androidx.profileinstaller:profileinstaller:1.3.0] AndroidManifest.xml:50:17-95
120-->[androidx.profileinstaller:profileinstaller:1.3.0] AndroidManifest.xml:50:25-92
121            </intent-filter>
122        </receiver>
123    </application>
124
125</manifest>